2022-02-12 23:51:59,154 [INFO] Bot: pdfvaccinehelper_test [@pdfvaccinehelper_test_bot]
2022-02-12 23:52:00,231 [WARNING] Updates were skipped successfully.
2022-02-12 23:52:00,275 [INFO] Start polling.
2022-02-12 23:55:58,475 [INFO] Stop polling...
2022-02-12 23:55:58,477 [WARNING] Goodbye!
2022.02.12 23:57:37;INFO];Bot: pdfvaccinehelper_test [@pdfvaccinehelper_test_bot]
2022.02.12 23:57:38;WARNING];Updates were skipped successfully.
2022.02.12 23:57:38;INFO];Start polling.
2022.02.12 23:57:51;INFO];Requested pdf [V] [id: 380472185] [full name: Vladislav] [text: /vlad]
2022.02.13 00:00:00;INFO];Stop polling...
2022.02.13 00:00:00;WARNING];Goodbye!
2022.02.13 00:03:02 [INFO] Bot: pdfvaccinehelper_test [@pdfvaccinehelper_test_bot]
2022.02.13 00:03:03 [WARNING] Updates were skipped successfully.
2022.02.13 00:03:03 [INFO] Start polling.
2022.02.13 00:03:15 [INFO] Stop polling...
2022.02.13 00:03:15 [WARNING] Goodbye!
 [2022.02.13 00:03:18] [INFO] Bot: pdfvaccinehelper_test [@pdfvaccinehelper_test_bot]
 [2022.02.13 00:03:19] [WARNING] Updates were skipped successfully.
 [2022.02.13 00:03:19] [INFO] Start polling.
 [2022.02.13 00:03:23] [INFO] Stop polling...
 [2022.02.13 00:03:23] [WARNING] Goodbye!
[2022.02.13 00:03:26] [INFO] Bot: pdfvaccinehelper_test [@pdfvaccinehelper_test_bot]
[2022.02.13 00:03:27] [WARNING] Updates were skipped successfully.
[2022.02.13 00:03:27] [INFO] Start polling.
[2022.02.13 00:03:54] [INFO] Stop polling...
[2022.02.13 00:03:54] [WARNING] Goodbye!
